2023-02-04T21:19:04.689-0500 [DEBUG] [org.gradle.launcher.daemon.bootstrap.DaemonMain] Assuming the daemon was started with following jvm opts: [--add-opens, java.base/java.util=ALL-UNNAMED, --add-opens, java.base/java.lang=ALL-UNNAMED, --add-opens, java.base/java.lang.invoke=ALL-UNNAMED, --add-opens, java.base/java.util=ALL-UNNAMED, --add-opens, java.prefs/java.util.prefs=ALL-UNNAMED, --add-opens, java.prefs/java.util.prefs=ALL-UNNAMED, --add-opens, java.base/java.nio.charset=ALL-UNNAMED, --add-opens, java.base/java.net=ALL-UNNAMED, --add-opens, java.base/java.util.concurrent.atomic=ALL-UNNAMED, -Xmx2048m, -Dfile.encoding=UTF-8, -Duser.country=ES, -Duser.language=es, -Duser.variant]
2023-02-04T21:19:04.826-0500 [DEBUG] [org.gradle.internal.nativeintegration.services.NativeServices] Native-platform posix files integration is not available. Continuing with fallback.
2023-02-04T21:19:04.840-0500 [INFO] [org.gradle.launcher.daemon.server.Daemon] start() called on daemon - DefaultDaemonContext[uid=f7bb5b45-8705-44fe-b54b-bd69eac796b7,javaHome=C:\Program Files\Android\Android Studio\jre,daemonRegistryDir=C:\Users\leyun\OneDrive\Escritorio\ImagenUploadFirebase\daemon,pid=3280,idleTimeout=10800000,priority=NORMAL,daemonOpts=--add-opens,java.base/java.util=ALL-UNNAMED,--add-opens,java.base/java.lang=ALL-UNNAMED,--add-opens,java.base/java.lang.invoke=ALL-UNNAMED,--add-opens,java.base/java.util=ALL-UNNAMED,--add-opens,java.prefs/java.util.prefs=ALL-UNNAMED,--add-opens,java.prefs/java.util.prefs=ALL-UNNAMED,--add-opens,java.base/java.nio.charset=ALL-UNNAMED,--add-opens,java.base/java.net=ALL-UNNAMED,--add-opens,java.base/java.util.concurrent.atomic=ALL-UNNAMED,-Xmx2048m,-Dfile.encoding=UTF-8,-Duser.country=ES,-Duser.language=es,-Duser.variant]
2023-02-04T21:19:05.081-0500 [DEBUG] [org.gradle.internal.remote.internal.inet.InetAddresses] Adding IP addresses for network interface Software Loopback Interface 1
2023-02-04T21:19:05.082-0500 [DEBUG] [org.gradle.internal.remote.internal.inet.InetAddresses] Is this a loopback interface? true
2023-02-04T21:19:05.082-0500 [DEBUG] [org.gradle.internal.remote.internal.inet.InetAddresses] Adding loopback address /127.0.0.1
2023-02-04T21:19:05.083-0500 [DEBUG] [org.gradle.internal.remote.internal.inet.InetAddresses] Adding loopback address /0:0:0:0:0:0:0:1
2023-02-04T21:19:05.083-0500 [DEBUG] [org.gradle.internal.remote.internal.inet.InetAddresses] Adding IP addresses for network interface Microsoft 6to4 Adapter
2023-02-04T21:19:05.084-0500 [DEBUG] [org.gradle.internal.remote.internal.inet.InetAddresses] Is this a loopback interface? false
2023-02-04T21:19:05.085-0500 [DEBUG] [org.gradle.internal.remote.internal.inet.InetAddresses] Adding IP addresses for network interface Microsoft Wi-Fi Direct Virtual Adapter
2023-02-04T21:19:05.086-0500 [DEBUG] [org.gradle.internal.remote.internal.inet.InetAddresses] Is this a loopback interface? false
2023-02-04T21:19:05.086-0500 [DEBUG] [org.gradle.internal.remote.internal.inet.InetAddresses] Adding remote address /fe80:0:0:0:62f4:e62c:c210:81e9%wlan0
2023-02-04T21:19:05.086-0500 [DEBUG] [org.gradle.internal.remote.internal.inet.InetAddresses] Adding IP addresses for network interface Bluetooth Device (Personal Area Network)
2023-02-04T21:19:05.088-0500 [DEBUG] [org.gradle.internal.remote.internal.inet.InetAddresses] Is this a loopback interface? false
2023-02-04T21:19:05.088-0500 [DEBUG] [org.gradle.internal.remote.internal.inet.InetAddresses] Adding IP addresses for network interface Microsoft IP-HTTPS Platform Adapter
2023-02-04T21:19:05.089-0500 [DEBUG] [org.gradle.internal.remote.internal.inet.InetAddresses] Is this a loopback interface? false
2023-02-04T21:19:05.089-0500 [DEBUG] [org.gradle.internal.remote.internal.inet.InetAddresses] Adding IP addresses for network interface VMware Virtual Ethernet Adapter for VMnet8
2023-02-04T21:19:05.091-0500 [DEBUG] [org.gradle.internal.remote.internal.inet.InetAddresses] Is this a loopback interface? false
2023-02-04T21:19:05.091-0500 [DEBUG] [org.gradle.internal.remote.internal.inet.InetAddresses] Adding IP addresses for network interface WAN Miniport (IP)
2023-02-04T21:19:05.092-0500 [DEBUG] [org.gradle.internal.remote.internal.inet.InetAddresses] Is this a loopback interface? false
2023-02-04T21:19:05.092-0500 [DEBUG] [org.gradle.internal.remote.internal.inet.InetAddresses] Adding IP addresses for network interface Intel(R) Wi-Fi 6 AX200 160MHz
2023-02-04T21:19:05.093-0500 [DEBUG] [org.gradle.internal.remote.internal.inet.InetAddresses] Is this a loopback interface? false
2023-02-04T21:19:05.094-0500 [DEBUG] [org.gradle.internal.remote.internal.inet.InetAddresses] Adding remote address /fe80:0:0:0:a4c1:606c:63d0:4363%wlan1
2023-02-04T21:19:05.094-0500 [DEBUG] [org.gradle.internal.remote.internal.inet.InetAddresses] Adding IP addresses for network interface Intel(R) Ethernet Connection (12) I219-V
2023-02-04T21:19:05.095-0500 [DEBUG] [org.gradle.internal.remote.internal.inet.InetAddresses] Is this a loopback interface? false
2023-02-04T21:19:05.095-0500 [DEBUG] [org.gradle.internal.remote.internal.inet.InetAddresses] Adding remote address /192.168.1.5
2023-02-04T21:19:05.095-0500 [DEBUG] [org.gradle.internal.remote.internal.inet.InetAddresses] Adding remote address /fe80:0:0:0:81f6:9e7a:a230:4299%eth3
2023-02-04T21:19:05.095-0500 [DEBUG] [org.gradle.internal.remote.internal.inet.InetAddresses] Adding IP addresses for network interface WAN Miniport (Network Monitor)
2023-02-04T21:19:05.096-0500 [DEBUG] [org.gradle.internal.remote.internal.inet.InetAddresses] Is this a loopback interface? false
2023-02-04T21:19:05.097-0500 [DEBUG] [org.gradle.internal.remote.internal.inet.InetAddresses] Adding IP addresses for network interface WAN Miniport (PPPOE)
2023-02-04T21:19:05.098-0500 [DEBUG] [org.gradle.internal.remote.internal.inet.InetAddresses] Is this a loopback interface? false
2023-02-04T21:19:05.098-0500 [DEBUG] [org.gradle.internal.remote.internal.inet.InetAddresses] Adding IP addresses for network interface VMware Virtual Ethernet Adapter for VMnet1
2023-02-04T21:19:05.099-0500 [DEBUG] [org.gradle.internal.remote.internal.inet.InetAddresses] Is this a loopback interface? false
2023-02-04T21:19:05.099-0500 [DEBUG] [org.gradle.internal.remote.internal.inet.InetAddresses] Adding IP addresses for network interface Microsoft Teredo Tunneling Adapter
2023-02-04T21:19:05.100-0500 [DEBUG] [org.gradle.internal.remote.internal.inet.InetAddresses] Is this a loopback interface? false
2023-02-04T21:19:05.101-0500 [DEBUG] [org.gradle.internal.remote.internal.inet.InetAddresses] Adding IP addresses for network interface WAN Miniport (L2TP)
2023-02-04T21:19:05.102-0500 [DEBUG] [org.gradle.internal.remote.internal.inet.InetAddresses] Is this a loopback interface? false
2023-02-04T21:19:05.102-0500 [DEBUG] [org.gradle.internal.remote.internal.inet.InetAddresses] Adding IP addresses for network interface Microsoft Kernel Debug Network Adapter
2023-02-04T21:19:05.103-0500 [DEBUG] [org.gradle.internal.remote.internal.inet.InetAddresses] Is this a loopback interface? false
2023-02-04T21:19:05.103-0500 [DEBUG] [org.gradle.internal.remote.internal.inet.InetAddresses] Adding IP addresses for network interface WAN Miniport (IPv6)
2023-02-04T21:19:05.104-0500 [DEBUG] [org.gradle.internal.remote.internal.inet.InetAddresses] Is this a loopback interface? false
2023-02-04T21:19:05.104-0500 [DEBUG] [org.gradle.internal.remote.internal.inet.InetAddresses] Adding IP addresses for network interface WAN Miniport (SSTP)
2023-02-04T21:19:05.106-0500 [DEBUG] [org.gradle.internal.remote.internal.inet.InetAddresses] Is this a loopback interface? false
2023-02-04T21:19:05.106-0500 [DEBUG] [org.gradle.internal.remote.internal.inet.InetAddresses] Adding IP addresses for network interface WAN Miniport (IKEv2)
2023-02-04T21:19:05.107-0500 [DEBUG] [org.gradle.internal.remote.internal.inet.InetAddresses] Is this a loopback interface? false
2023-02-04T21:19:05.107-0500 [DEBUG] [org.gradle.internal.remote.internal.inet.InetAddresses] Adding IP addresses for network interface Microsoft Wi-Fi Direct Virtual Adapter #3
2023-02-04T21:19:05.108-0500 [DEBUG] [org.gradle.internal.remote.internal.inet.InetAddresses] Is this a loopback interface? false
2023-02-04T21:19:05.109-0500 [DEBUG] [org.gradle.internal.remote.internal.inet.InetAddresses] Adding remote address /fe80:0:0:0:e111:8083:c71d:a1a3%wlan2
2023-02-04T21:19:05.109-0500 [DEBUG] [org.gradle.internal.remote.internal.inet.InetAddresses] Adding IP addresses for network interface WAN Miniport (PPTP)
2023-02-04T21:19:05.110-0500 [DEBUG] [org.gradle.internal.remote.internal.inet.InetAddresses] Is this a loopback interface? false
2023-02-04T21:19:05.110-0500 [DEBUG] [org.gradle.internal.remote.internal.inet.InetAddresses] Adding IP addresses for network interface Intel(R) Ethernet Connection (12) I219-V-WFP Native MAC Layer LightWeight Filter-0000
2023-02-04T21:19:05.111-0500 [DEBUG] [org.gradle.internal.remote.internal.inet.InetAddresses] Is this a loopback interface? false
2023-02-04T21:19:05.111-0500 [DEBUG] [org.gradle.internal.remote.internal.inet.InetAddresses] Adding IP addresses for network interface Intel(R) Ethernet Connection (12) I219-V-cFosSpeed for faster Internet with Traffic Shaping-0000
2023-02-04T21:19:05.112-0500 [DEBUG] [org.gradle.internal.remote.internal.inet.InetAddresses] Is this a loopback interface? false
2023-02-04T21:19:05.112-0500 [DEBUG] [org.gradle.internal.remote.internal.inet.InetAddresses] Adding IP addresses for network interface Intel(R) Ethernet Connection (12) I219-V-QoS Packet Scheduler-0000
2023-02-04T21:19:05.114-0500 [DEBUG] [org.gradle.internal.remote.internal.inet.InetAddresses] Is this a loopback interface? false
2023-02-04T21:19:05.114-0500 [DEBUG] [org.gradle.internal.remote.internal.inet.InetAddresses] Adding IP addresses for network interface Intel(R) Ethernet Connection (12) I219-V-WFP 802.3 MAC Layer LightWeight Filter-0000
2023-02-04T21:19:05.115-0500 [DEBUG] [org.gradle.internal.remote.internal.inet.InetAddresses] Is this a loopback interface? false
2023-02-04T21:19:05.115-0500 [DEBUG] [org.gradle.internal.remote.internal.inet.InetAddresses] Adding IP addresses for network interface Intel(R) Wi-Fi 6 AX200 160MHz-WFP Native MAC Layer LightWeight Filter-0000
2023-02-04T21:19:05.116-0500 [DEBUG] [org.gradle.internal.remote.internal.inet.InetAddresses] Is this a loopback interface? false
2023-02-04T21:19:05.116-0500 [DEBUG] [org.gradle.internal.remote.internal.inet.InetAddresses] Adding IP addresses for network interface Intel(R) Wi-Fi 6 AX200 160MHz-Virtual WiFi Filter Driver-0000
2023-02-04T21:19:05.117-0500 [DEBUG] [org.gradle.internal.remote.internal.inet.InetAddresses] Is this a loopback interface? false
2023-02-04T21:19:05.117-0500 [DEBUG] [org.gradle.internal.remote.internal.inet.InetAddresses] Adding IP addresses for network interface Intel(R) Wi-Fi 6 AX200 160MHz-Native WiFi Filter Driver-0000
2023-02-04T21:19:05.118-0500 [DEBUG] [org.gradle.internal.remote.internal.inet.InetAddresses] Is this a loopback interface? false
2023-02-04T21:19:05.119-0500 [DEBUG] [org.gradle.internal.remote.internal.inet.InetAddresses] Adding IP addresses for network interface Intel(R) Wi-Fi 6 AX200 160MHz-cFosSpeed for faster Internet with Traffic Shaping-0000
2023-02-04T21:19:05.120-0500 [DEBUG] [org.gradle.internal.remote.internal.inet.InetAddresses] Is this a loopback interface? false
2023-02-04T21:19:05.120-0500 [DEBUG] [org.gradle.internal.remote.internal.inet.InetAddresses] Adding IP addresses for network interface Intel(R) Wi-Fi 6 AX200 160MHz-QoS Packet Scheduler-0000
2023-02-04T21:19:05.121-0500 [DEBUG] [org.gradle.internal.remote.internal.inet.InetAddresses] Is this a loopback interface? false
2023-02-04T21:19:05.121-0500 [DEBUG] [org.gradle.internal.remote.internal.inet.InetAddresses] Adding IP addresses for network interface Intel(R) Wi-Fi 6 AX200 160MHz-WFP 802.3 MAC Layer LightWeight Filter-0000
2023-02-04T21:19:05.123-0500 [DEBUG] [org.gradle.internal.remote.internal.inet.InetAddresses] Is this a loopback interface? false
2023-02-04T21:19:05.123-0500 [DEBUG] [org.gradle.internal.remote.internal.inet.InetAddresses] Adding IP addresses for network interface Microsoft Wi-Fi Direct Virtual Adapter-WFP Native MAC Layer LightWeight Filter-0000
2023-02-04T21:19:05.124-0500 [DEBUG] [org.gradle.internal.remote.internal.inet.InetAddresses] Is this a loopback interface? false
2023-02-04T21:19:05.124-0500 [DEBUG] [org.gradle.internal.remote.internal.inet.InetAddresses] Adding IP addresses for network interface Microsoft Wi-Fi Direct Virtual Adapter-Native WiFi Filter Driver-0000
2023-02-04T21:19:05.125-0500 [DEBUG] [org.gradle.internal.remote.internal.inet.InetAddresses] Is this a loopback interface? false
2023-02-04T21:19:05.125-0500 [DEBUG] [org.gradle.internal.remote.internal.inet.InetAddresses] Adding IP addresses for network interface Microsoft Wi-Fi Direct Virtual Adapter-cFosSpeed for faster Internet with Traffic Shaping-0000
2023-02-04T21:19:05.126-0500 [DEBUG] [org.gradle.internal.remote.internal.inet.InetAddresses] Is this a loopback interface? false
2023-02-04T21:19:05.126-0500 [DEBUG] [org.gradle.internal.remote.internal.inet.InetAddresses] Adding IP addresses for network interface Microsoft Wi-Fi Direct Virtual Adapter-QoS Packet Scheduler-0000
2023-02-04T21:19:05.127-0500 [DEBUG] [org.gradle.internal.remote.internal.inet.InetAddresses] Is this a loopback interface? false
2023-02-04T21:19:05.127-0500 [DEBUG] [org.gradle.internal.remote.internal.inet.InetAddresses] Adding IP addresses for network interface Microsoft Wi-Fi Direct Virtual Adapter-WFP 802.3 MAC Layer LightWeight Filter-0000
2023-02-04T21:19:05.129-0500 [DEBUG] [org.gradle.internal.remote.internal.inet.InetAddresses] Is this a loopback interface? false
2023-02-04T21:19:05.129-0500 [DEBUG] [org.gradle.internal.remote.internal.inet.InetAddresses] Adding IP addresses for network interface WAN Miniport (IP)-WFP Native MAC Layer LightWeight Filter-0000
2023-02-04T21:19:05.130-0500 [DEBUG] [org.gradle.internal.remote.internal.inet.InetAddresses] Is this a loopback interface? false
2023-02-04T21:19:05.130-0500 [DEBUG] [org.gradle.internal.remote.internal.inet.InetAddresses] Adding IP addresses for network interface WAN Miniport (IP)-cFosSpeed for faster Internet with Traffic Shaping-0000
2023-02-04T21:19:05.131-0500 [DEBUG] [org.gradle.internal.remote.internal.inet.InetAddresses] Is this a loopback interface? false
2023-02-04T21:19:05.131-0500 [DEBUG] [org.gradle.internal.remote.internal.inet.InetAddresses] Adding IP addresses for network interface WAN Miniport (IP)-QoS Packet Scheduler-0000
2023-02-04T21:19:05.133-0500 [DEBUG] [org.gradle.internal.remote.internal.inet.InetAddresses] Is this a loopback interface? false
2023-02-04T21:19:05.133-0500 [DEBUG] [org.gradle.internal.remote.internal.inet.InetAddresses] Adding IP addresses for network interface WAN Miniport (IPv6)-WFP Native MAC Layer LightWeight Filter-0000
2023-02-04T21:19:05.134-0500 [DEBUG] [org.gradle.internal.remote.internal.inet.InetAddresses] Is this a loopback interface? false
2023-02-04T21:19:05.134-0500 [DEBUG] [org.gradle.internal.remote.internal.inet.InetAddresses] Adding IP addresses for network interface WAN Miniport (IPv6)-cFosSpeed for faster Internet with Traffic Shaping-0000
2023-02-04T21:19:05.135-0500 [DEBUG] [org.gradle.internal.remote.internal.inet.InetAddresses] Is this a loopback interface? false
2023-02-04T21:19:05.135-0500 [DEBUG] [org.gradle.internal.remote.internal.inet.InetAddresses] Adding IP addresses for network interface WAN Miniport (IPv6)-QoS Packet Scheduler-0000
2023-02-04T21:19:05.136-0500 [DEBUG] [org.gradle.internal.remote.internal.inet.InetAddresses] Is this a loopback interface? false
2023-02-04T21:19:05.136-0500 [DEBUG] [org.gradle.internal.remote.internal.inet.InetAddresses] Adding IP addresses for network interface WAN Miniport (Network Monitor)-WFP Native MAC Layer LightWeight Filter-0000
2023-02-04T21:19:05.137-0500 [DEBUG] [org.gradle.internal.remote.internal.inet.InetAddresses] Is this a loopback interface? false
2023-02-04T21:19:05.138-0500 [DEBUG] [org.gradle.internal.remote.internal.inet.InetAddresses] Adding IP addresses for network interface WAN Miniport (Network Monitor)-cFosSpeed for faster Internet with Traffic Shaping-0000
2023-02-04T21:19:05.139-0500 [DEBUG] [org.gradle.internal.remote.internal.inet.InetAddresses] Is this a loopback interface? false
2023-02-04T21:19:05.139-0500 [DEBUG] [org.gradle.internal.remote.internal.inet.InetAddresses] Adding IP addresses for network interface WAN Miniport (Network Monitor)-QoS Packet Scheduler-0000
2023-02-04T21:19:05.141-0500 [DEBUG] [org.gradle.internal.remote.internal.inet.InetAddresses] Is this a loopback interface? false
2023-02-04T21:19:05.141-0500 [DEBUG] [org.gradle.internal.remote.internal.inet.InetAddresses] Adding IP addresses for network interface Microsoft Wi-Fi Direct Virtual Adapter #3-WFP Native MAC Layer LightWeight Filter-0000
2023-02-04T21:19:05.142-0500 [DEBUG] [org.gradle.internal.remote.internal.inet.InetAddresses] Is this a loopback interface? false
2023-02-04T21:19:05.142-0500 [DEBUG] [org.gradle.internal.remote.internal.inet.InetAddresses] Adding IP addresses for network interface Microsoft Wi-Fi Direct Virtual Adapter #3-Native WiFi Filter Driver-0000
2023-02-04T21:19:05.144-0500 [DEBUG] [org.gradle.internal.remote.internal.inet.InetAddresses] Is this a loopback interface? false
2023-02-04T21:19:05.144-0500 [DEBUG] [org.gradle.internal.remote.internal.inet.InetAddresses] Adding IP addresses for network interface Microsoft Wi-Fi Direct Virtual Adapter #3-cFosSpeed for faster Internet with Traffic Shaping-0000
2023-02-04T21:19:05.146-0500 [DEBUG] [org.gradle.internal.remote.internal.inet.InetAddresses] Is this a loopback interface? false
2023-02-04T21:19:05.146-0500 [DEBUG] [org.gradle.internal.remote.internal.inet.InetAddresses] Adding IP addresses for network interface Microsoft Wi-Fi Direct Virtual Adapter #3-QoS Packet Scheduler-0000
2023-02-04T21:19:05.147-0500 [DEBUG] [org.gradle.internal.remote.internal.inet.InetAddresses] Is this a loopback interface? false
2023-02-04T21:19:05.147-0500 [DEBUG] [org.gradle.internal.remote.internal.inet.InetAddresses] Adding IP addresses for network interface Microsoft Wi-Fi Direct Virtual Adapter #3-WFP 802.3 MAC Layer LightWeight Filter-0000
2023-02-04T21:19:05.149-0500 [DEBUG] [org.gradle.internal.remote.internal.inet.InetAddresses] Is this a loopback interface? false
2023-02-04T21:19:05.151-0500 [DEBUG] [org.gradle.internal.remote.internal.inet.TcpIncomingConnector] Listening on [f77a2000-bda8-4afa-b4e1-f98308026559 port:52236, addresses:[localhost/127.0.0.1]].
2023-02-04T21:19:05.159-0500 [DEBUG] [org.gradle.launcher.daemon.server.Daemon] Daemon starting at: Sat Feb 04 21:19:05 COT 2023, with address: [f77a2000-bda8-4afa-b4e1-f98308026559 port:52236, addresses:[localhost/127.0.0.1]]
2023-02-04T21:19:05.160-0500 [INFO] [org.gradle.launcher.daemon.server.DaemonRegistryUpdater] Advertising the daemon address to the clients: [f77a2000-bda8-4afa-b4e1-f98308026559 port:52236, addresses:[localhost/127.0.0.1]]
2023-02-04T21:19:05.160-0500 [DEBUG] [org.gradle.launcher.daemon.server.DaemonRegistryUpdater] Advertised daemon context: DefaultDaemonContext[uid=f7bb5b45-8705-44fe-b54b-bd69eac796b7,javaHome=C:\Program Files\Android\Android Studio\jre,daemonRegistryDir=C:\Users\leyun\OneDrive\Escritorio\ImagenUploadFirebase\daemon,pid=3280,idleTimeout=10800000,priority=NORMAL,daemonOpts=--add-opens,java.base/java.util=ALL-UNNAMED,--add-opens,java.base/java.lang=ALL-UNNAMED,--add-opens,java.base/java.lang.invoke=ALL-UNNAMED,--add-opens,java.base/java.util=ALL-UNNAMED,--add-opens,java.prefs/java.util.prefs=ALL-UNNAMED,--add-opens,java.prefs/java.util.prefs=ALL-UNNAMED,--add-opens,java.base/java.nio.charset=ALL-UNNAMED,--add-opens,java.base/java.net=ALL-UNNAMED,--add-opens,java.base/java.util.concurrent.atomic=ALL-UNNAMED,-Xmx2048m,-Dfile.encoding=UTF-8,-Duser.country=ES,-Duser.language=es,-Duser.variant]
2023-02-04T21:19:05.161-0500 [DEBUG] [org.gradle.launcher.daemon.registry.PersistentDaemonRegistry] Storing daemon address: [f77a2000-bda8-4afa-b4e1-f98308026559 port:52236, addresses:[localhost/127.0.0.1]], context: DefaultDaemonContext[uid=f7bb5b45-8705-44fe-b54b-bd69eac796b7,javaHome=C:\Program Files\Android\Android Studio\jre,daemonRegistryDir=C:\Users\leyun\OneDrive\Escritorio\ImagenUploadFirebase\daemon,pid=3280,idleTimeout=10800000,priority=NORMAL,daemonOpts=--add-opens,java.base/java.util=ALL-UNNAMED,--add-opens,java.base/java.lang=ALL-UNNAMED,--add-opens,java.base/java.lang.invoke=ALL-UNNAMED,--add-opens,java.base/java.util=ALL-UNNAMED,--add-opens,java.prefs/java.util.prefs=ALL-UNNAMED,--add-opens,java.prefs/java.util.prefs=ALL-UNNAMED,--add-opens,java.base/java.nio.charset=ALL-UNNAMED,--add-opens,java.base/java.net=ALL-UNNAMED,--add-opens,java.base/java.util.concurrent.atomic=ALL-UNNAMED,-Xmx2048m,-Dfile.encoding=UTF-8,-Duser.country=ES,-Duser.language=es,-Duser.variant]
2023-02-04T21:19:05.168-0500 [DEBUG] [org.gradle.cache.internal.DefaultFileLockManager] Waiting to acquire exclusive lock on daemon addresses registry.
2023-02-04T21:19:05.171-0500 [DEBUG] [org.gradle.cache.internal.DefaultFileLockManager] Lock acquired on daemon addresses registry.
2023-02-04T21:19:05.176-0500 [DEBUG] [org.gradle.cache.internal.DefaultFileLockManager] Releasing lock on daemon addresses registry.
2023-02-04T21:19:05.176-0500 [LIFECYCLE] [org.gradle.launcher.daemon.server.Daemon] Daemon server started.
2023-02-04T21:19:05.177-0500 [DEBUG] [org.gradle.launcher.daemon.bootstrap.DaemonStartupCommunication] Completed writing the daemon greeting. Closing streams...
2023-02-04T21:19:05.180-0500 [DEBUG] [org.gradle.launcher.daemon.server.Daemon] stopOnExpiration() called on daemon
2023-02-04T21:19:05.181-0500 [DEBUG] [org.gradle.launcher.daemon.server.Daemon] awaitExpiration() called on daemon
2023-02-04T21:19:05.181-0500 [DEBUG] [org.gradle.launcher.daemon.server.DaemonStateCoordinator] daemon is running. Sleeping until state changes.
2023-02-04T21:19:05.187-0500 [DEBUG] [org.gradle.internal.remote.internal.inet.TcpIncomingConnector] Accepted connection from /127.0.0.1:52237 to /127.0.0.1:52236.
2023-02-04T21:19:05.235-0500 [DEBUG] [org.gradle.launcher.daemon.server.SynchronizedDispatchConnection] thread 20: received class org.gradle.launcher.daemon.protocol.Build
2023-02-04T21:19:05.236-0500 [DEBUG] [org.gradle.launcher.daemon.server.DefaultDaemonConnection] thread 20: Received non-IO message from client: Build{id=061d03c3-6177-4319-9fae-9c28c9cafd60, currentDir=C:\Users\leyun\OneDrive\Escritorio\ImagenUploadFirebase}
2023-02-04T21:19:05.236-0500 [INFO] [org.gradle.launcher.daemon.server.DefaultIncomingConnectionHandler] Received command: Build{id=061d03c3-6177-4319-9fae-9c28c9cafd60, currentDir=C:\Users\leyun\OneDrive\Escritorio\ImagenUploadFirebase}.
2023-02-04T21:19:05.236-0500 [DEBUG] [org.gradle.launcher.daemon.server.DefaultIncomingConnectionHandler] Starting executing command: Build{id=061d03c3-6177-4319-9fae-9c28c9cafd60, currentDir=C:\Users\leyun\OneDrive\Escritorio\ImagenUploadFirebase} with connection: socket connection from /127.0.0.1:52236 to /127.0.0.1:52237.
2023-02-04T21:19:05.238-0500 [DEBUG] [org.gradle.launcher.daemon.server.DaemonStateCoordinator] Command execution: started DaemonCommandExecution[command = Build{id=061d03c3-6177-4319-9fae-9c28c9cafd60, currentDir=C:\Users\leyun\OneDrive\Escritorio\ImagenUploadFirebase}, connection = DefaultDaemonConnection: socket connection from /127.0.0.1:52236 to /127.0.0.1:52237] after 0.0 minutes of idle
2023-02-04T21:19:05.238-0500 [INFO] [org.gradle.launcher.daemon.server.DaemonRegistryUpdater] Marking the daemon as busy, address: [f77a2000-bda8-4afa-b4e1-f98308026559 port:52236, addresses:[localhost/127.0.0.1]]
2023-02-04T21:19:05.238-0500 [DEBUG] [org.gradle.launcher.daemon.registry.PersistentDaemonRegistry] Marking busy by address: [f77a2000-bda8-4afa-b4e1-f98308026559 port:52236, addresses:[localhost/127.0.0.1]]
2023-02-04T21:19:05.239-0500 [DEBUG] [org.gradle.cache.internal.DefaultFileLockManager] Waiting to acquire exclusive lock on daemon addresses registry.
2023-02-04T21:19:05.239-0500 [DEBUG] [org.gradle.cache.internal.DefaultFileLockManager] Lock acquired on daemon addresses registry.
2023-02-04T21:19:05.240-0500 [DEBUG] [org.gradle.cache.internal.DefaultFileLockManager] Releasing lock on daemon addresses registry.
2023-02-04T21:19:05.241-0500 [DEBUG] [org.gradle.launcher.daemon.server.DaemonStateCoordinator] resetting idle timer
2023-02-04T21:19:05.241-0500 [DEBUG] [org.gradle.launcher.daemon.server.DaemonStateCoordinator] daemon is running. Sleeping until state changes.
2023-02-04T21:19:05.241-0500 [INFO] [org.gradle.launcher.daemon.server.exec.StartBuildOrRespondWithBusy] Daemon is about to start building Build{id=061d03c3-6177-4319-9fae-9c28c9cafd60, currentDir=C:\Users\leyun\OneDrive\Escritorio\ImagenUploadFirebase}. Dispatching build started information...
2023-02-04T21:19:05.242-0500 [DEBUG] [org.gradle.launcher.daemon.server.SynchronizedDispatchConnection] thread 22: dispatching org.gradle.launcher.daemon.protocol.BuildStarted@683d370f
2023-02-04T21:19:05.243-0500 [DEBUG] [org.gradle.launcher.daemon.server.exec.EstablishBuildEnvironment] Configuring env variables: [USERDOMAIN_ROAMINGPROFILE, PROCESSOR_LEVEL, SESSIONNAME, ALLUSERSPROFILE, PROCESSOR_ARCHITECTURE, PSModulePath, SystemDrive, PT8HOME, ACSvcPort, USERNAME, ProgramFiles(x86), GPU_USE_SYNC_OBJECTS, GPU_MAX_ALLOC_PERCENT, FPS_BROWSER_USER_PROFILE_STRING, PATHEXT, DriverData, ProgramData, =F:, ProgramW6432, HOMEPATH, PROCESSOR_IDENTIFIER, ProgramFiles, PUBLIC, windir, =::, GPU_MAX_HEAP_SIZE, OPENSSL_CONF, LOCALAPPDATA, IntelliJ IDEA, GPU_SINGLE_ALLOC_PERCENT, USERDOMAIN, GPU_FORCE_64BIT_PTR, LOGONSERVER, FPS_BROWSER_APP_PROFILE_STRING, JAVA_HOME, RlsSvcPort, ANT_HOME, OneDrive, QT_DEVICE_PIXEL_RATIO, APPDATA, CommonProgramFiles, Path, OS, COMPUTERNAME, JD2_HOME, PROCESSOR_REVISION, CommonProgramW6432, ComSpec, TEMP, SystemRoot, HOMEDRIVE, USERPROFILE, TMP, CommonProgramFiles(x86), NUMBER_OF_PROCESSORS, IDEA_INITIAL_DIRECTORY]
2023-02-04T21:19:05.245-0500 [DEBUG] [org.gradle.launcher.daemon.server.SynchronizedDispatchConnection] thread 20: received class org.gradle.launcher.daemon.protocol.CloseInput
2023-02-04T21:19:05.245-0500 [DEBUG] [org.gradle.launcher.daemon.server.DefaultDaemonConnection] thread 20: Received IO message from client: org.gradle.launcher.daemon.protocol.CloseInput@45ae5adf
2023-02-04T21:19:05.248-0500 [DEBUG] [org.gradle.launcher.daemon.server.exec.LogToClient] About to start relaying all logs to the client via the connection.
2023-02-04T21:19:05.248-0500 [INFO] [org.gradle.launcher.daemon.server.exec.LogToClient] The client will now receive all logging from the daemon (pid: 3280). The daemon log file: C:\Users\leyun\OneDrive\Escritorio\ImagenUploadFirebase\daemon\7.4\daemon-3280.out.log
2023-02-04T21:19:05.250-0500 [INFO] [org.gradle.launcher.daemon.server.exec.LogAndCheckHealth] Starting build in new daemon [memory: 2 GiB]
2023-02-04T21:19:05.251-0500 [INFO] [org.gradle.launcher.daemon.server.exec.ForwardClientInput] Closing daemon's stdin at end of input.
2023-02-04T21:19:05.251-0500 [INFO] [org.gradle.launcher.daemon.server.exec.ForwardClientInput] The daemon will no longer process any standard input.
2023-02-04T21:19:05.254-0500 [DEBUG] [org.gradle.launcher.daemon.server.exec.ExecuteBuild] The daemon has started executing the build.
2023-02-04T21:19:05.254-0500 [DEBUG] [org.gradle.launcher.daemon.server.exec.ExecuteBuild] Executing build with daemon context: DefaultDaemonContext[uid=f7bb5b45-8705-44fe-b54b-bd69eac796b7,javaHome=C:\Program Files\Android\Android Studio\jre,daemonRegistryDir=C:\Users\leyun\OneDrive\Escritorio\ImagenUploadFirebase\daemon,pid=3280,idleTimeout=10800000,priority=NORMAL,daemonOpts=--add-opens,java.base/java.util=ALL-UNNAMED,--add-opens,java.base/java.lang=ALL-UNNAMED,--add-opens,java.base/java.lang.invoke=ALL-UNNAMED,--add-opens,java.base/java.util=ALL-UNNAMED,--add-opens,java.prefs/java.util.prefs=ALL-UNNAMED,--add-opens,java.prefs/java.util.prefs=ALL-UNNAMED,--add-opens,java.base/java.nio.charset=ALL-UNNAMED,--add-opens,java.base/java.net=ALL-UNNAMED,--add-opens,java.base/java.util.concurrent.atomic=ALL-UNNAMED,-Xmx2048m,-Dfile.encoding=UTF-8,-Duser.country=ES,-Duser.language=es,-Duser.variant]
Warning: The 'kotlin-android-extensions' Gradle plugin is deprecated. Please use this migration guide (https://goo.gle/kotlin-android-extensions-deprecation) to start working with View Binding (https://developer.android.com/topic/libraries/view-binding) and the 'kotlin-parcelize' plugin.

Deprecated Gradle features were used in this build, making it incompatible with Gradle 8.0.

You can use '--warning-mode all' to show the individual deprecation warnings and determine if they come from your own scripts or plugins.

See https://docs.gradle.org/7.4/userguide/command_line_interface.html#sec:command_line_warnings

BUILD SUCCESSFUL in 3m 3s
2023-02-04T21:22:05.764-0500 [DEBUG] [org.gradle.launcher.daemon.server.exec.ExecuteBuild] The daemon has finished executing the build.
2023-02-04T21:22:05.782-0500 [DEBUG] [org.gradle.launcher.daemon.server.DaemonStateCoordinator] daemon is running. Sleeping until state changes.
2023-02-04T21:22:05.782-0500 [DEBUG] [org.gradle.launcher.daemon.server.DaemonStateCoordinator] Command execution: finished waiting for DaemonCommandExecution[command = Build{id=061d03c3-6177-4319-9fae-9c28c9cafd60, currentDir=C:\Users\leyun\OneDrive\Escritorio\ImagenUploadFirebase}, connection = DefaultDaemonConnection: socket connection from /127.0.0.1:52236 to /127.0.0.1:52237]. Result org.gradle.launcher.daemon.server.DaemonStateCoordinator@4ae9ff99 with state Busy
2023-02-04T21:22:05.782-0500 [DEBUG] [org.gradle.launcher.daemon.server.DaemonStateCoordinator] Command execution: completed DaemonCommandExecution[command = Build{id=061d03c3-6177-4319-9fae-9c28c9cafd60, currentDir=C:\Users\leyun\OneDrive\Escritorio\ImagenUploadFirebase}, connection = DefaultDaemonConnection: socket connection from /127.0.0.1:52236 to /127.0.0.1:52237]
2023-02-04T21:22:05.782-0500 [DEBUG] [org.gradle.launcher.daemon.server.DaemonStateCoordinator] resetting idle timer
2023-02-04T21:22:05.782-0500 [INFO] [org.gradle.launcher.daemon.server.DaemonRegistryUpdater] Marking the daemon as idle, address: [f77a2000-bda8-4afa-b4e1-f98308026559 port:52236, addresses:[localhost/127.0.0.1]]
2023-02-04T21:22:05.782-0500 [DEBUG] [org.gradle.launcher.daemon.registry.PersistentDaemonRegistry] Marking busy by address: [f77a2000-bda8-4afa-b4e1-f98308026559 port:52236, addresses:[localhost/127.0.0.1]]
2023-02-04T21:22:05.783-0500 [DEBUG] [org.gradle.cache.internal.DefaultFileLockManager] Waiting to acquire exclusive lock on daemon addresses registry.
2023-02-04T21:22:05.783-0500 [DEBUG] [org.gradle.cache.internal.DefaultFileLockManager] Lock acquired on daemon addresses registry.
2023-02-04T21:22:05.784-0500 [DEBUG] [org.gradle.cache.internal.DefaultFileLockManager] Releasing lock on daemon addresses registry.
2023-02-04T21:22:05.785-0500 [DEBUG] [org.gradle.launcher.daemon.server.DaemonStateCoordinator] daemon is running. Sleeping until state changes.
2023-02-04T21:22:05.785-0500 [DEBUG] [org.gradle.launcher.daemon.server.exec.ReturnResult] Daemon is dispatching the build result: Success[value=org.gradle.launcher.exec.BuildActionResult@19c1512a]
2023-02-04T21:22:05.785-0500 [DEBUG] [org.gradle.launcher.daemon.server.SynchronizedDispatchConnection] thread 19: dispatching Success[value=org.gradle.launcher.exec.BuildActionResult@19c1512a]
2023-02-04T21:22:05.785-0500 [DEBUG] [org.gradle.launcher.daemon.server.DefaultIncomingConnectionHandler] Finishing executing command: Build{id=061d03c3-6177-4319-9fae-9c28c9cafd60, currentDir=C:\Users\leyun\OneDrive\Escritorio\ImagenUploadFirebase}
2023-02-04T21:22:05.794-0500 [DEBUG] [org.gradle.launcher.daemon.server.SynchronizedDispatchConnection] thread 20: received class org.gradle.launcher.daemon.protocol.Finished
2023-02-04T21:22:05.794-0500 [DEBUG] [org.gradle.launcher.daemon.server.DefaultDaemonConnection] thread 20: Received non-IO message from client: org.gradle.launcher.daemon.protocol.Finished@6caf443e
2023-02-04T21:22:05.794-0500 [DEBUG] [org.gradle.launcher.daemon.server.DefaultIncomingConnectionHandler] Received finished message: org.gradle.launcher.daemon.protocol.Finished@6caf443e
2023-02-04T21:22:05.795-0500 [DEBUG] [org.gradle.launcher.daemon.server.SynchronizedDispatchConnection] thread 19: stopping connection
2023-02-04T21:22:05.795-0500 [DEBUG] [org.gradle.internal.remote.internal.inet.SocketConnection] Discarding EOFException: java.io.EOFException
2023-02-04T21:22:05.795-0500 [DEBUG] [org.gradle.launcher.daemon.server.SynchronizedDispatchConnection] thread 20: received null
2023-02-04T21:22:05.795-0500 [DEBUG] [org.gradle.launcher.daemon.server.DefaultDaemonConnection] thread 20: Received end-of-input from client.
2023-02-04T21:22:05.796-0500 [DEBUG] [org.gradle.launcher.daemon.server.SynchronizedDispatchConnection] thread 19: stopping connection
2023-02-04T21:22:06.715-0500 [DEBUG] [org.gradle.process.internal.health.memory.DefaultMemoryManager] 1708510412 memory requested, 1083142144 free
2023-02-04T21:22:06.715-0500 [DEBUG] [org.gradle.workers.internal.WorkerDaemonExpiration] Will attempt to release 1629 of memory
2023-02-04T21:22:06.715-0500 [DEBUG] [org.gradle.process.internal.health.memory.DefaultMemoryManager] 1708510412 memory requested, 0 released, 1083142144 free
2023-02-04T21:22:09.454-0500 [DEBUG] [org.gradle.cache.internal.LockOnDemandCrossProcessCacheAccess] Lock on artifact cache (C:\Users\leyun\OneDrive\Escritorio\ImagenUploadFirebase\caches\modules-2) requested by another process - releasing lock.
2023-02-04T21:22:09.454-0500 [DEBUG] [org.gradle.cache.internal.LockOnDemandCrossProcessCacheAccess] Releasing file lock for artifact cache (C:\Users\leyun\OneDrive\Escritorio\ImagenUploadFirebase\caches\modules-2)
2023-02-04T21:22:09.454-0500 [DEBUG] [org.gradle.cache.internal.DefaultFileLockManager] Releasing lock on artifact cache (C:\Users\leyun\OneDrive\Escritorio\ImagenUploadFirebase\caches\modules-2).
2023-02-04T21:22:09.454-0500 [DEBUG] [org.gradle.cache.internal.locklistener.FileLockCommunicator] Confirming lock release to Gradle process at port 53837 for lock with id -6240898848696101402.
2023-02-04T21:22:09.454-0500 [DEBUG] [org.gradle.cache.internal.locklistener.FileLockCommunicator] Confirming lock release to Gradle process at port 53837 for lock with id -6240898848696101402.
2023-02-04T21:22:09.569-0500 [DEBUG] [org.gradle.cache.internal.LockOnDemandCrossProcessCacheAccess] Lock on journal cache (C:\Users\leyun\OneDrive\Escritorio\ImagenUploadFirebase\caches\journal-1) requested by another process - releasing lock.
2023-02-04T21:22:09.569-0500 [DEBUG] [org.gradle.cache.internal.LockOnDemandCrossProcessCacheAccess] Releasing file lock for journal cache (C:\Users\leyun\OneDrive\Escritorio\ImagenUploadFirebase\caches\journal-1)
2023-02-04T21:22:09.570-0500 [DEBUG] [org.gradle.cache.internal.btree.BTreePersistentIndexedCache] Closing cache file-access.bin (C:\Users\leyun\OneDrive\Escritorio\ImagenUploadFirebase\caches\journal-1\file-access.bin)
2023-02-04T21:22:09.570-0500 [DEBUG] [org.gradle.cache.internal.DefaultFileLockManager] Releasing lock on journal cache (C:\Users\leyun\OneDrive\Escritorio\ImagenUploadFirebase\caches\journal-1).
2023-02-04T21:22:09.570-0500 [DEBUG] [org.gradle.cache.internal.locklistener.FileLockCommunicator] Confirming lock release to Gradle process at port 53837 for lock with id 3135018196530605192.
2023-02-04T21:22:09.570-0500 [DEBUG] [org.gradle.cache.internal.locklistener.FileLockCommunicator] Confirming lock release to Gradle process at port 53837 for lock with id 3135018196530605192.
2023-02-04T21:22:09.572-0500 [DEBUG] [org.gradle.cache.internal.LockOnDemandCrossProcessCacheAccess] Lock on file hash cache (C:\Users\leyun\OneDrive\Escritorio\ImagenUploadFirebase\caches\7.4\fileHashes) requested by another process - releasing lock.
2023-02-04T21:22:09.572-0500 [DEBUG] [org.gradle.cache.internal.LockOnDemandCrossProcessCacheAccess] Releasing file lock for file hash cache (C:\Users\leyun\OneDrive\Escritorio\ImagenUploadFirebase\caches\7.4\fileHashes)
2023-02-04T21:22:09.572-0500 [DEBUG] [org.gradle.cache.internal.btree.BTreePersistentIndexedCache] Closing cache fileHashes.bin (C:\Users\leyun\OneDrive\Escritorio\ImagenUploadFirebase\caches\7.4\fileHashes\fileHashes.bin)
2023-02-04T21:22:09.573-0500 [DEBUG] [org.gradle.cache.internal.DefaultFileLockManager] Releasing lock on file hash cache (C:\Users\leyun\OneDrive\Escritorio\ImagenUploadFirebase\caches\7.4\fileHashes).
2023-02-04T21:22:09.573-0500 [DEBUG] [org.gradle.cache.internal.locklistener.FileLockCommunicator] Confirming lock release to Gradle process at port 53837 for lock with id 1584589900481663683.
2023-02-04T21:22:09.573-0500 [DEBUG] [org.gradle.cache.internal.locklistener.FileLockCommunicator] Confirming lock release to Gradle process at port 53837 for lock with id 1584589900481663683.
2023-02-04T21:22:09.576-0500 [DEBUG] [org.gradle.cache.internal.LockOnDemandCrossProcessCacheAccess] Lock on Artifact transforms cache (C:\Users\leyun\OneDrive\Escritorio\ImagenUploadFirebase\caches\transforms-3) requested by another process - releasing lock.
2023-02-04T21:22:09.576-0500 [DEBUG] [org.gradle.cache.internal.LockOnDemandCrossProcessCacheAccess] Releasing file lock for Artifact transforms cache (C:\Users\leyun\OneDrive\Escritorio\ImagenUploadFirebase\caches\transforms-3)
2023-02-04T21:22:09.576-0500 [DEBUG] [org.gradle.cache.internal.DefaultFileLockManager] Releasing lock on Artifact transforms cache (C:\Users\leyun\OneDrive\Escritorio\ImagenUploadFirebase\caches\transforms-3).
2023-02-04T21:22:09.576-0500 [DEBUG] [org.gradle.cache.internal.locklistener.FileLockCommunicator] Confirming lock release to Gradle process at port 53837 for lock with id 2490374718855433477.
2023-02-04T21:22:09.576-0500 [DEBUG] [org.gradle.cache.internal.locklistener.FileLockCommunicator] Confirming lock release to Gradle process at port 53837 for lock with id 2490374718855433477.
2023-02-04T21:22:09.578-0500 [DEBUG] [org.gradle.cache.internal.LockOnDemandCrossProcessCacheAccess] Lock on execution history cache (C:\Users\leyun\OneDrive\Escritorio\ImagenUploadFirebase\caches\7.4\executionHistory) requested by another process - releasing lock.
2023-02-04T21:22:09.578-0500 [DEBUG] [org.gradle.cache.internal.LockOnDemandCrossProcessCacheAccess] Releasing file lock for execution history cache (C:\Users\leyun\OneDrive\Escritorio\ImagenUploadFirebase\caches\7.4\executionHistory)
2023-02-04T21:22:09.578-0500 [DEBUG] [org.gradle.cache.internal.btree.BTreePersistentIndexedCache] Closing cache executionHistory.bin (C:\Users\leyun\OneDrive\Escritorio\ImagenUploadFirebase\caches\7.4\executionHistory\executionHistory.bin)
2023-02-04T21:22:09.579-0500 [DEBUG] [org.gradle.cache.internal.DefaultFileLockManager] Releasing lock on execution history cache (C:\Users\leyun\OneDrive\Escritorio\ImagenUploadFirebase\caches\7.4\executionHistory).
2023-02-04T21:22:09.579-0500 [DEBUG] [org.gradle.cache.internal.locklistener.FileLockCommunicator] Confirming lock release to Gradle process at port 53837 for lock with id 3073545447079983631.
2023-02-04T21:22:09.579-0500 [DEBUG] [org.gradle.cache.internal.locklistener.FileLockCommunicator] Confirming lock release to Gradle process at port 53837 for lock with id 3073545447079983631.
2023-02-04T21:22:11.708-0500 [DEBUG] [org.gradle.process.internal.health.memory.DefaultMemoryManager] 1708510412 memory requested, 1024917504 free
2023-02-04T21:22:11.708-0500 [DEBUG] [org.gradle.workers.internal.WorkerDaemonExpiration] Will attempt to release 1629 of memory
2023-02-04T21:22:11.708-0500 [DEBUG] [org.gradle.process.internal.health.memory.DefaultMemoryManager] 1708510412 memory requested, 0 released, 1024917504 free
2023-02-04T21:22:15.190-0500 [DEBUG] [org.gradle.cache.internal.DefaultFileLockManager] Waiting to acquire shared lock on daemon addresses registry.
2023-02-04T21:22:15.190-0500 [DEBUG] [org.gradle.cache.internal.DefaultFileLockManager] Lock acquired on daemon addresses registry.
2023-02-04T21:22:15.190-0500 [DEBUG] [org.gradle.cache.internal.DefaultFileLockManager] Releasing lock on daemon addresses registry.
2023-02-04T21:22:15.191-0500 [DEBUG] [org.gradle.cache.internal.DefaultFileLockManager] Waiting to acquire shared lock on daemon addresses registry.
2023-02-04T21:22:15.191-0500 [DEBUG] [org.gradle.cache.internal.DefaultFileLockManager] Lock acquired on daemon addresses registry.
2023-02-04T21:22:15.191-0500 [DEBUG] [org.gradle.cache.internal.DefaultFileLockManager] Releasing lock on daemon addresses registry.
2023-02-04T21:22:16.714-0500 [DEBUG] [org.gradle.process.internal.health.memory.DefaultMemoryManager] 1708510412 memory requested, 879345664 free
2023-02-04T21:22:16.714-0500 [DEBUG] [org.gradle.workers.internal.WorkerDaemonExpiration] Will attempt to release 1629 of memory
2023-02-04T21:22:16.714-0500 [DEBUG] [org.gradle.process.internal.health.memory.DefaultMemoryManager] 1708510412 memory requested, 0 released, 879345664 free
2023-02-04T21:22:21.707-0500 [DEBUG] [org.gradle.process.internal.health.memory.DefaultMemoryManager] 1708510412 memory requested, 902684672 free
2023-02-04T21:22:21.707-0500 [DEBUG] [org.gradle.workers.internal.WorkerDaemonExpiration] Will attempt to release 1629 of memory
2023-02-04T21:22:21.707-0500 [DEBUG] [org.gradle.process.internal.health.memory.DefaultMemoryManager] 1708510412 memory requested, 0 released, 902684672 free
2023-02-04T21:22:25.187-0500 [DEBUG] [org.gradle.cache.internal.DefaultFileLockManager] Waiting to acquire shared lock on daemon addresses registry.
2023-02-04T21:22:25.187-0500 [DEBUG] [org.gradle.cache.internal.DefaultFileLockManager] Lock acquired on daemon addresses registry.
2023-02-04T21:22:25.187-0500 [DEBUG] [org.gradle.cache.internal.DefaultFileLockManager] Releasing lock on daemon addresses registry.
2023-02-04T21:22:25.188-0500 [DEBUG] [org.gradle.cache.internal.DefaultFileLockManager] Waiting to acquire shared lock on daemon addresses registry.
2023-02-04T21:22:25.188-0500 [DEBUG] [org.gradle.cache.internal.DefaultFileLockManager] Lock acquired on daemon addresses registry.
2023-02-04T21:22:25.189-0500 [DEBUG] [org.gradle.cache.internal.DefaultFileLockManager] Releasing lock on daemon addresses registry.
2023-02-04T21:22:25.189-0500 [DEBUG] [org.gradle.cache.internal.DefaultFileLockManager] Waiting to acquire shared lock on daemon addresses registry.
2023-02-04T21:22:25.189-0500 [DEBUG] [org.gradle.cache.internal.DefaultFileLockManager] Lock acquired on daemon addresses registry.
2023-02-04T21:22:25.189-0500 [DEBUG] [org.gradle.cache.internal.DefaultFileLockManager] Releasing lock on daemon addresses registry.
2023-02-04T21:22:25.190-0500 [DEBUG] [org.gradle.launcher.daemon.server.health.LowMemoryDaemonExpirationStrategy] Nearing low memory threshold - OS memory {Total: 17085104128, Free: 902684672}
2023-02-04T21:22:25.190-0500 [DEBUG] [org.gradle.cache.internal.DefaultFileLockManager] Waiting to acquire shared lock on daemon addresses registry.
2023-02-04T21:22:25.190-0500 [DEBUG] [org.gradle.cache.internal.DefaultFileLockManager] Lock acquired on daemon addresses registry.
2023-02-04T21:22:25.190-0500 [DEBUG] [org.gradle.cache.internal.DefaultFileLockManager] Releasing lock on daemon addresses registry.
2023-02-04T21:22:25.190-0500 [DEBUG] [org.gradle.launcher.daemon.server.DaemonRegistryUpdater] Storing daemon stop event: other compatible daemons were started and after being idle for 0 minutes and not recently used
2023-02-04T21:22:25.191-0500 [DEBUG] [org.gradle.launcher.daemon.registry.PersistentDaemonRegistry] Storing daemon stop event with timestamp 1675563745190
2023-02-04T21:22:25.191-0500 [DEBUG] [org.gradle.cache.internal.DefaultFileLockManager] Waiting to acquire exclusive lock on daemon addresses registry.
2023-02-04T21:22:25.192-0500 [DEBUG] [org.gradle.cache.internal.DefaultFileLockManager] Lock acquired on daemon addresses registry.
2023-02-04T21:22:25.192-0500 [DEBUG] [org.gradle.cache.internal.DefaultFileLockManager] Releasing lock on daemon addresses registry.
2023-02-04T21:22:25.193-0500 [LIFECYCLE] [org.gradle.launcher.daemon.server.DaemonStateCoordinator] Daemon will be stopped at the end of the build other compatible daemons were started and after being idle for 0 minutes and not recently used
2023-02-04T21:22:25.193-0500 [DEBUG] [org.gradle.launcher.daemon.server.DaemonStateCoordinator] Marking daemon stopped due to other compatible daemons were started and after being idle for 0 minutes and not recently used. The daemon is running a build: false
2023-02-04T21:22:25.193-0500 [DEBUG] [org.gradle.launcher.daemon.server.DaemonStateCoordinator] daemon has stopped.
2023-02-04T21:22:25.193-0500 [DEBUG] [org.gradle.launcher.daemon.server.Daemon] stop() called on daemon
2023-02-04T21:22:25.193-0500 [INFO] [org.gradle.launcher.daemon.server.Daemon] Stop requested. Daemon is removing its presence from the registry...
2023-02-04T21:22:25.193-0500 [DEBUG] [org.gradle.launcher.daemon.server.DaemonRegistryUpdater] Removing our presence to clients, eg. removing this address from the registry: [f77a2000-bda8-4afa-b4e1-f98308026559 port:52236, addresses:[localhost/127.0.0.1]]
2023-02-04T21:22:25.193-0500 [DEBUG] [org.gradle.launcher.daemon.registry.PersistentDaemonRegistry] Removing daemon address: [f77a2000-bda8-4afa-b4e1-f98308026559 port:52236, addresses:[localhost/127.0.0.1]]
2023-02-04T21:22:25.194-0500 [DEBUG] [org.gradle.cache.internal.DefaultFileLockManager] Waiting to acquire exclusive lock on daemon addresses registry.
2023-02-04T21:22:25.194-0500 [DEBUG] [org.gradle.cache.internal.DefaultFileLockManager] Lock acquired on daemon addresses registry.
2023-02-04T21:22:25.195-0500 [DEBUG] [org.gradle.cache.internal.DefaultFileLockManager] Releasing lock on daemon addresses registry.
2023-02-04T21:22:25.195-0500 [DEBUG] [org.gradle.launcher.daemon.server.DaemonRegistryUpdater] Address removed from registry.
2023-02-04T21:22:25.204-0500 [DEBUG] [org.gradle.cache.internal.DefaultCacheAccess] Cache jars (C:\Users\leyun\OneDrive\Escritorio\ImagenUploadFirebase\caches\jars-9) was closed 12 times.
2023-02-04T21:22:25.205-0500 [DEBUG] [org.gradle.cache.internal.DefaultCacheAccess] Cache Artifact transforms cache (C:\Users\leyun\OneDrive\Escritorio\ImagenUploadFirebase\caches\transforms-3) was closed 14 times.
2023-02-04T21:22:25.209-0500 [DEBUG] [org.gradle.cache.internal.DefaultCacheAccess] Cache file content cache (C:\Users\leyun\OneDrive\Escritorio\ImagenUploadFirebase\caches\7.4\fileContent) was closed 2 times.
2023-02-04T21:22:25.210-0500 [DEBUG] [org.gradle.internal.watch.vfs.impl.WatchingVirtualFileSystem] Closing VFS, dropping state
2023-02-04T21:22:25.210-0500 [DEBUG] [org.gradle.internal.watch.registry.impl.DefaultFileWatcherRegistry] Finished listening to file system change events
2023-02-04T21:22:25.213-0500 [DEBUG] [org.gradle.cache.internal.DefaultCacheAccess] Cache artifact cache (C:\Users\leyun\OneDrive\Escritorio\ImagenUploadFirebase\caches\modules-2) was closed 487 times.
2023-02-04T21:22:25.213-0500 [DEBUG] [org.gradle.cache.internal.DefaultCacheAccess] Cache journal cache (C:\Users\leyun\OneDrive\Escritorio\ImagenUploadFirebase\caches\journal-1) was closed 158 times.
2023-02-04T21:22:25.214-0500 [DEBUG] [org.gradle.cache.internal.DefaultCacheAccess] Cache file hash cache (C:\Users\leyun\OneDrive\Escritorio\ImagenUploadFirebase\caches\7.4\fileHashes) was closed 39 times.
2023-02-04T21:22:25.214-0500 [DEBUG] [org.gradle.cache.internal.DefaultCacheAccess] Cache Generated Gradle JARs cache (C:\Users\leyun\OneDrive\Escritorio\ImagenUploadFirebase\caches\7.4\generated-gradle-jars) was closed 0 times.
2023-02-04T21:22:25.214-0500 [DEBUG] [org.gradle.cache.internal.DefaultCacheAccess] Cache execution history cache (C:\Users\leyun\OneDrive\Escritorio\ImagenUploadFirebase\caches\7.4\executionHistory) was closed 15 times.
2023-02-04T21:22:25.221-0500 [DEBUG] [org.gradle.cache.internal.VersionSpecificCacheCleanupAction] Processed version-specific caches at C:\Users\leyun\OneDrive\Escritorio\ImagenUploadFirebase\caches for cleanup in 0.005 secs
Daemon vm is shutting down... The daemon has exited normally or was terminated in response to a user interrupt.
2023-02-04T21:22:25.225-0500 [DEBUG] [org.gradle.launcher.daemon.registry.PersistentDaemonRegistry] Removing daemon address: [f77a2000-bda8-4afa-b4e1-f98308026559 port:52236, addresses:[localhost/127.0.0.1]]
2023-02-04T21:22:25.225-0500 [DEBUG] [org.gradle.cache.internal.DefaultFileLockManager] Waiting to acquire exclusive lock on daemon addresses registry.
2023-02-04T21:22:25.225-0500 [DEBUG] [org.gradle.cache.internal.DefaultFileLockManager] Lock acquired on daemon addresses registry.
2023-02-04T21:22:25.226-0500 [DEBUG] [org.gradle.cache.internal.DefaultFileLockManager] Releasing lock on daemon addresses registry.
